# JRE version: OpenJDK Runtime Environment (8.0_202-b03) (build 1.8.0_202-release-1483-b03)
# Java VM: OpenJDK 64-Bit Server VM (25.202-b03 mixed mode windows-amd64 compressed oops)
Heap:
 PSYoungGen      total 141312K, used 14293K [0x00000000e0000000, 0x00000000ec980000, 0x0000000100000000)
  eden space 129536K, 1% used [0x00000000e0000000,0x00000000e0279050,0x00000000e7e80000)
  from space 11776K, 99% used [0x00000000e7e80000,0x00000000e89fc5f8,0x00000000e8a00000)
  to   space 16384K, 0% used [0x00000000eb980000,0x00000000eb980000,0x00000000ec980000)
 ParOldGen       total 88576K, used 20708K [0x00000000a0000000, 0x00000000a5680000, 0x00000000e0000000)
  object space 88576K, 23% used [0x00000000a0000000,0x00000000a14391d8,0x00000000a5680000)
 Metaspace       used 47795K, capacity 49050K, committed 49280K, reserved 1091584K
  class space    used 6442K, capacity 6766K, committed 6784K, reserved 1048576K
GC Heap History (10 events):
Event: 6.331 GC heap before
{Heap before GC invocations=7 (full 1):
 PSYoungGen      total 71680K, used 66560K [0x00000000e0000000, 0x00000000e9900000, 0x0000000100000000)
  eden space 66560K, 100% used [0x00000000e0000000,0x00000000e4100000,0x00000000e4100000)
  from space 5120K, 0% used [0x00000000e4100000,0x00000000e4100000,0x00000000e4600000)
  to   space 11776K, 0% used [0x00000000e8d80000,0x00000000e8d80000,0x00000000e9900000)
 ParOldGen       total 65024K, used 10905K [0x00000000a0000000, 0x00000000a3f80000, 0x00000000e0000000)
  object space 65024K, 16% used [0x00000000a0000000,0x00000000a0aa6700,0x00000000a3f80000)
 Metaspace       used 29121K, capacity 29652K, committed 30080K, reserved 1075200K
  class space    used 3946K, capacity 4134K, committed 4224K, reserved 1048576K
Event: 6.339 GC heap after
Heap after GC invocations=7 (full 1):
 PSYoungGen      total 110592K, used 8107K [0x00000000e0000000, 0x00000000e9580000, 0x0000000100000000)
  eden space 102400K, 0% used [0x00000000e0000000,0x00000000e0000000,0x00000000e6400000)
  from space 8192K, 98% used [0x00000000e8d80000,0x00000000e956ac58,0x00000000e9580000)
  to   space 11776K, 0% used [0x00000000e7e80000,0x00000000e7e80000,0x00000000e8a00000)
 ParOldGen       total 65024K, used 10913K [0x00000000a0000000, 0x00000000a3f80000, 0x00000000e0000000)
  object space 65024K, 16% used [0x00000000a0000000,0x00000000a0aa8700,0x00000000a3f80000)
 Metaspace       used 29121K, capacity 29652K, committed 30080K, reserved 1075200K
  class space    used 3946K, capacity 4134K, committed 4224K, reserved 1048576K
}
Event: 8.348 GC heap before
{Heap before GC invocations=8 (full 1):
 PSYoungGen      total 110592K, used 110507K [0x00000000e0000000, 0x00000000e9580000, 0x0000000100000000)
  eden space 102400K, 100% used [0x00000000e0000000,0x00000000e6400000,0x00000000e6400000)
  from space 8192K, 98% used [0x00000000e8d80000,0x00000000e956ac58,0x00000000e9580000)
  to   space 11776K, 0% used [0x00000000e7e80000,0x00000000e7e80000,0x00000000e8a00000)
 ParOldGen       total 65024K, used 10913K [0x00000000a0000000, 0x00000000a3f80000, 0x00000000e0000000)
  object space 65024K, 16% used [0x00000000a0000000,0x00000000a0aa8700,0x00000000a3f80000)
 Metaspace       used 34164K, capacity 34838K, committed 35200K, reserved 1079296K
  class space    used 4707K, capacity 4912K, committed 4992K, reserved 1048576K
Event: 8.368 GC heap after
Heap after GC invocations=8 (full 1):
 PSYoungGen      total 141312K, used 11770K [0x00000000e0000000, 0x00000000eb380000, 0x0000000100000000)
  eden space 129536K, 0% used [0x00000000e0000000,0x00000000e0000000,0x00000000e7e80000)
  from space 11776K, 99% used [0x00000000e7e80000,0x00000000e89fea68,0x00000000e8a00000)
  to   space 13824K, 0% used [0x00000000ea600000,0x00000000ea600000,0x00000000eb380000)
 ParOldGen       total 65024K, used 11494K [0x00000000a0000000, 0x00000000a3f80000, 0x00000000e0000000)
  object space 65024K, 17% used [0x00000000a0000000,0x00000000a0b398e0,0x00000000a3f80000)
 Metaspace       used 34164K, capacity 34838K, committed 35200K, reserved 1079296K
  class space    used 4707K, capacity 4912K, committed 4992K, reserved 1048576K
}
Event: 8.746 GC heap before
{Heap before GC invocations=9 (full 1):
 PSYoungGen      total 141312K, used 26518K [0x00000000e0000000, 0x00000000eb380000, 0x0000000100000000)
  eden space 129536K, 11% used [0x00000000e0000000,0x00000000e0e66ea8,0x00000000e7e80000)
  from space 11776K, 99% used [0x00000000e7e80000,0x00000000e89fea68,0x00000000e8a00000)
  to   space 13824K, 0% used [0x00000000ea600000,0x00000000ea600000,0x00000000eb380000)
 ParOldGen       total 65024K, used 11494K [0x00000000a0000000, 0x00000000a3f80000, 0x00000000e0000000)
  object space 65024K, 17% used [0x00000000a0000000,0x00000000a0b398e0,0x00000000a3f80000)
 Metaspace       used 34680K, capacity 35400K, committed 35456K, reserved 1079296K
  class space    used 4788K, capacity 4992K, committed 4992K, reserved 1048576K
Event: 8.787 GC heap after
Heap after GC invocations=9 (full 1):
 PSYoungGen      total 143360K, used 8858K [0x00000000e0000000, 0x00000000eb380000, 0x0000000100000000)
  eden space 129536K, 0% used [0x00000000e0000000,0x00000000e0000000,0x00000000e7e80000)
  from space 13824K, 64% used [0x00000000ea600000,0x00000000eaea6bd0,0x00000000eb380000)
  to   space 11776K, 0% used [0x00000000e7e80000,0x00000000e7e80000,0x00000000e8a00000)
 ParOldGen       total 65024K, used 11502K [0x00000000a0000000, 0x00000000a3f80000, 0x00000000e0000000)
  object space 65024K, 17% used [0x00000000a0000000,0x00000000a0b3b8e0,0x00000000a3f80000)
 Metaspace       used 34680K, capacity 35400K, committed 35456K, reserved 1079296K
  class space    used 4788K, capacity 4992K, committed 4992K, reserved 1048576K
}
Event: 8.787 GC heap before
{Heap before GC invocations=10 (full 2):
 PSYoungGen      total 143360K, used 8858K [0x00000000e0000000, 0x00000000eb380000, 0x0000000100000000)
  eden space 129536K, 0% used [0x00000000e0000000,0x00000000e0000000,0x00000000e7e80000)
  from space 13824K, 64% used [0x00000000ea600000,0x00000000eaea6bd0,0x00000000eb380000)
  to   space 11776K, 0% used [0x00000000e7e80000,0x00000000e7e80000,0x00000000e8a00000)
 ParOldGen       total 65024K, used 11502K [0x00000000a0000000, 0x00000000a3f80000, 0x00000000e0000000)
  object space 65024K, 17% used [0x00000000a0000000,0x00000000a0b3b8e0,0x00000000a3f80000)
 Metaspace       used 34680K, capacity 35400K, committed 35456K, reserved 1079296K
  class space    used 4788K, capacity 4992K, committed 4992K, reserved 1048576K
Event: 8.923 GC heap after
Heap after GC invocations=10 (full 2):
 PSYoungGen      total 143360K, used 0K [0x00000000e0000000, 0x00000000eb380000, 0x0000000100000000)
  eden space 129536K, 0% used [0x00000000e0000000,0x00000000e0000000,0x00000000e7e80000)
  from space 13824K, 0% used [0x00000000ea600000,0x00000000ea600000,0x00000000eb380000)
  to   space 11776K, 0% used [0x00000000e7e80000,0x00000000e7e80000,0x00000000e8a00000)
 ParOldGen       total 88576K, used 15782K [0x00000000a0000000, 0x00000000a5680000, 0x00000000e0000000)
  object space 88576K, 17% used [0x00000000a0000000,0x00000000a0f69b98,0x00000000a5680000)
 Metaspace       used 34680K, capacity 35400K, committed 35456K, reserved 1079296K
  class space    used 4788K, capacity 4992K, committed 4992K, reserved 1048576K
}
Event: 12.308 GC heap before
{Heap before GC invocations=11 (full 2):
 PSYoungGen      total 143360K, used 129536K [0x00000000e0000000, 0x00000000eb380000, 0x0000000100000000)
  eden space 129536K, 100% used [0x00000000e0000000,0x00000000e7e80000,0x00000000e7e80000)
  from space 13824K, 0% used [0x00000000ea600000,0x00000000ea600000,0x00000000eb380000)
  to   space 11776K, 0% used [0x00000000e7e80000,0x00000000e7e80000,0x00000000e8a00000)
 ParOldGen       total 88576K, used 15782K [0x00000000a0000000, 0x00000000a5680000, 0x00000000e0000000)
  object space 88576K, 17% used [0x00000000a0000000,0x00000000a0f69b98,0x00000000a5680000)
 Metaspace       used 47465K, capacity 48680K, committed 48768K, reserved 1091584K
  class space    used 6402K, capacity 6731K, committed 6784K, reserved 1048576K
Event: 12.354 GC heap after
Heap after GC invocations=11 (full 2):
 PSYoungGen      total 141312K, used 11761K [0x00000000e0000000, 0x00000000ec980000, 0x0000000100000000)
  eden space 129536K, 0% used [0x00000000e0000000,0x00000000e0000000,0x00000000e7e80000)
  from space 11776K, 99% used [0x00000000e7e80000,0x00000000e89fc5f8,0x00000000e8a00000)
  to   space 16384K, 0% used [0x00000000eb980000,0x00000000eb980000,0x00000000ec980000)
 ParOldGen       total 88576K, used 20708K [0x00000000a0000000, 0x00000000a5680000, 0x00000000e0000000)
  object space 88576K, 23% used [0x00000000a0000000,0x00000000a14391d8,0x00000000a5680000)
 Metaspace       used 47465K, capacity 48680K, committed 48768K, reserved 1091584K
  class space    used 6402K, capacity 6731K, committed 6784K, reserved 1048576K
}

